24Y-08-17 01:30:37 error : WHERE parameter "accountNumber" has invalid "undefined" value
24Y-08-17 01:32:36 error : WHERE parameter "accountNumber" has invalid "undefined" value
24Y-08-17 01:33:28 error : WHERE parameter "accountNumber" has invalid "undefined" value
24Y-08-17 01:33:57 error : receiverAccountId is a required field
24Y-08-17 01:35:01 error : Internal Transfer Failed
24Y-08-17 01:36:11 error : Internal Transfer Failed
24Y-08-17 01:37:07 error : Internal Transfer Failed
24Y-08-17 01:37:41 error : Internal Transfer Failed
2024-08-19 21:34:49 error : Paystack Transfer Failed 
2024-08-19 21:36:25 error : Paystack Transfer Failed 
2024-08-21 15:32:52 error : Authorization Failed 
2024-08-21 23:48:15 error : Cannot read properties of undefined (reading 'replace') 
2024-08-21 23:49:12 error : Cannot read properties of undefined (reading 'replace') 
2024-08-21 23:50:43 error : Cannot read properties of undefined (reading 'replace') 
2024-08-22 00:21:18 error : Authorization Failed 
2024-08-22 01:02:31 error : Transaction does not exist 
2024-08-22 23:47:57 error : accountId is a required field 
2024-08-22 23:56:08 error : Account does not exist 
2024-08-22 23:56:45 error : Account does not belong to owner 
2024-08-22 23:56:46 error : Account does not belong to owner 
2024-08-22 23:57:12 error : You are not eligible for this loan 
2024-08-23 00:53:47 error : You are not eligible for this loan 
2024-08-23 00:53:49 error : You are not eligible for this loan 
2024-08-23 00:54:19 error : You are not eligible for this loan 
2024-08-23 00:59:51 error : You are not eligible for this loan 
2024-08-23 00:59:54 error : You are not eligible for this loan 
2024-08-23 00:59:55 error : You are not eligible for this loan 
2024-08-23 01:00:37 error : You are not eligible for this loan 
2024-08-23 01:00:45 error : You are not eligible for this loan 
2024-08-31 15:59:08 error : Authorization Failed 
2024-08-31 16:00:45 error : Authorization Failed 
2024-08-31 16:01:38 error : Authorization Failed 
2024-08-31 16:02:01 error : Authorization Failed 
2024-08-31 16:05:19 error : Authorization Failed 
2024-08-31 16:05:36 error : Authorization Failed 
2024-08-31 16:05:48 error : Authorization Failed 
2024-08-31 17:25:44 error : Invalid login details 
2024-08-31 17:27:43 error : Invalid login details 
2024-08-31 17:29:29 error : Invalid login details 
2024-08-31 17:29:30 error : Invalid login details 
2024-08-31 17:29:45 error : Invalid login details 
2024-08-31 17:58:48 error : Invalid login details 
2024-08-31 18:03:04 error : Invalid login details 
2024-08-31 18:10:22 error : Invalid login details 
2024-08-31 23:48:50 error : Invalid login details 
2024-08-31 23:48:59 error : Invalid login details 
2024-08-31 23:49:06 error : Invalid login details 
2024-09-01 00:36:43 error : Invalid login details 
2024-09-01 01:07:07 error : Invalid login details 
2024-09-01 01:07:16 error : Invalid login details 
2024-09-01 01:07:24 error : Invalid login details 
2024-09-01 01:07:32 error : Invalid login details 
2024-09-01 19:18:13 error : Invalid login details 
2024-09-01 19:18:29 error : Invalid login details 
2024-09-01 19:18:31 error : Invalid login details 
2024-09-01 19:42:09 error : Invalid login details 
2024-09-01 19:56:20 error : firstname is a required field 
2024-09-01 19:56:42 error : firstname is a required field 
2024-09-01 20:03:31 error : Email already exists 
2024-09-02 08:36:31 error : Email already exists 
2024-09-02 08:52:34 error : queryA ETIMEOUT smtp.gmail.com 
2024-09-02 08:53:08 error : queryA ETIMEOUT smtp.gmail.com 
2024-09-02 08:53:32 error : queryA ETIMEOUT smtp.gmail.com 
2024-09-02 11:38:51 error : WHERE parameter "key" has invalid "undefined" value 
2024-09-02 11:39:09 error : WHERE parameter "key" has invalid "undefined" value 
2024-09-02 11:42:01 error : Unknown column 'verified' in 'field list' 
2024-09-02 11:54:28 error : Table 'kudai_bank.tokens' doesn't exist 
2024-09-02 11:55:33 error : connect ETIMEDOUT 142.251.9.109:465 
2024-09-02 11:55:41 error : connect ETIMEDOUT 142.251.9.109:465 
2024-09-02 11:59:42 error : connect ETIMEDOUT 142.251.9.109:465 
2024-09-02 12:00:08 error : connect ETIMEDOUT 142.251.9.109:465 
2024-09-02 12:15:50 error : connect ETIMEDOUT 142.251.9.108:465 
2024-09-02 12:21:38 error : WHERE parameter "key" has invalid "undefined" value 
2024-09-02 12:22:25 error : WHERE parameter "key" has invalid "undefined" value 
2024-09-02 12:22:43 error : WHERE parameter "key" has invalid "undefined" value 
2024-09-02 12:22:55 error : WHERE parameter "key" has invalid "undefined" value 
2024-09-02 12:24:20 error : WHERE parameter "key" has invalid "undefined" value 
2024-09-02 12:24:41 error : WHERE parameter "key" has invalid "undefined" value 
2024-09-02 12:27:09 error : Token has expired 
2024-09-02 12:27:41 error : connect ETIMEDOUT 74.125.133.109:465 
2024-09-02 12:29:03 error : Token has expired 
2024-09-02 12:31:07 error : Token has expired 
2024-09-02 12:31:28 error : Token has expired 
2024-09-02 12:31:42 error : Token has expired 
2024-09-02 12:32:00 error : Token has expired 
2024-09-02 12:32:06 error : Token has expired 
2024-09-02 12:35:27 error : Token doesn't exist 
2024-09-02 12:35:28 error : Token doesn't exist 
2024-09-02 12:35:42 error : Token doesn't exist 
2024-09-02 13:16:42 error : connect ETIMEDOUT 74.125.133.109:465 
2024-09-02 13:20:25 error : Token doesn't exist 
2024-09-02 13:21:48 error : Token doesn't exist 
2024-09-02 13:23:07 error : Token doesn't exist 
2024-09-02 13:26:42 error : Token has expired 
2024-09-02 14:01:46 error : connect ETIMEDOUT 142.251.9.108:465 
2024-09-02 14:02:00 error : connect ETIMEDOUT 142.251.9.108:465 
2024-09-02 14:05:02 error : connect ETIMEDOUT 142.251.9.108:465 
2024-09-02 14:05:23 error : connect ETIMEDOUT 142.251.9.108:465 
2024-09-02 14:07:52 error : connect ETIMEDOUT 74.125.133.109:465 
2024-09-02 14:09:11 error : connect ETIMEDOUT 74.125.133.109:465 
2024-09-02 15:04:11 error : connect ETIMEDOUT 74.125.133.108:465 
2024-09-02 15:05:15 error : Token has expired 
2024-09-02 15:08:42 error : connect ETIMEDOUT 74.125.133.108:465 
2024-09-02 15:19:21 error : connect ETIMEDOUT 74.125.133.109:465 
2024-09-02 15:21:11 error : Token has expired 
2024-09-02 15:53:23 error : connect ETIMEDOUT 142.251.9.109:465 
2024-09-02 16:08:06 error : connect ETIMEDOUT 74.125.133.109:465 
2024-09-02 16:08:30 error : connect ETIMEDOUT 74.125.133.109:465 
2024-09-02 16:08:57 error : connect ETIMEDOUT 74.125.133.109:465 
2024-09-02 16:14:17 error : connect ETIMEDOUT 74.125.133.109:465 
